2025-04-28 15:24:50,876 - app.main - ERROR - Error extracting metadata: 1 validation error for ForensicMetadata
application_id
  Input should be a valid string [type=string_type, input_value=0, input_type=int]
    For further information visit https://errors.pydantic.dev/2.11/v/string_type
2025-04-28 15:24:50,879 - app.main - ERROR - Error in database analysis: 500: Error extracting metadata: 1 validation error for ForensicMetadata
application_id
  Input should be a valid string [type=string_type, input_value=0, input_type=int]
    For further information visit https://errors.pydantic.dev/2.11/v/string_type
2025-04-28 15:24:50,881 - app.main - ERROR - Error creating backup: 500: Error in database analysis: 500: Error extracting metadata: 1 validation error for ForensicMetadata
application_id
  Input should be a valid string [type=string_type, input_value=0, input_type=int]
    For further information visit https://errors.pydantic.dev/2.11/v/string_type
2025-04-28 16:25:47,543 - app.main - ERROR - Error extracting metadata: 1 validation error for ForensicMetadata
application_id
  Input should be a valid string [type=string_type, input_value=0, input_type=int]
    For further information visit https://errors.pydantic.dev/2.11/v/string_type
2025-04-28 16:25:47,545 - app.main - ERROR - Error in database analysis: 500: Error extracting metadata: 1 validation error for ForensicMetadata
application_id
  Input should be a valid string [type=string_type, input_value=0, input_type=int]
    For further information visit https://errors.pydantic.dev/2.11/v/string_type
2025-04-28 16:25:47,546 - app.main - ERROR - Error creating backup: 500: Error in database analysis: 500: Error extracting metadata: 1 validation error for ForensicMetadata
application_id
  Input should be a valid string [type=string_type, input_value=0, input_type=int]
    For further information visit https://errors.pydantic.dev/2.11/v/string_type
2025-04-28 16:39:21,237 - app.main - ERROR - Error extracting metadata: 1 validation error for ForensicMetadata
application_id
  Input should be a valid string [type=string_type, input_value=0, input_type=int]
    For further information visit https://errors.pydantic.dev/2.11/v/string_type
2025-04-28 16:39:21,239 - app.main - ERROR - Error in database analysis: 500: Error extracting metadata: 1 validation error for ForensicMetadata
application_id
  Input should be a valid string [type=string_type, input_value=0, input_type=int]
    For further information visit https://errors.pydantic.dev/2.11/v/string_type
2025-04-28 16:39:21,240 - app.main - ERROR - Error creating backup: 500: Error in database analysis: 500: Error extracting metadata: 1 validation error for ForensicMetadata
application_id
  Input should be a valid string [type=string_type, input_value=0, input_type=int]
    For further information visit https://errors.pydantic.dev/2.11/v/string_type
2025-04-28 16:40:18,061 - app.main - ERROR - Error extracting metadata: 1 validation error for ForensicMetadata
application_id
  Input should be a valid string [type=string_type, input_value=0, input_type=int]
    For further information visit https://errors.pydantic.dev/2.11/v/string_type
2025-04-28 16:40:18,062 - app.main - ERROR - Error in database analysis: 500: Error extracting metadata: 1 validation error for ForensicMetadata
application_id
  Input should be a valid string [type=string_type, input_value=0, input_type=int]
    For further information visit https://errors.pydantic.dev/2.11/v/string_type
2025-04-28 16:40:18,064 - app.main - ERROR - Error creating backup: 500: Error in database analysis: 500: Error extracting metadata: 1 validation error for ForensicMetadata
application_id
  Input should be a valid string [type=string_type, input_value=0, input_type=int]
    For further information visit https://errors.pydantic.dev/2.11/v/string_type
2025-04-28 17:42:38,108 - app.main - ERROR - Error extracting metadata: 1 validation error for ForensicMetadata
application_id
  Input should be a valid string [type=string_type, input_value=0, input_type=int]
    For further information visit https://errors.pydantic.dev/2.11/v/string_type
2025-04-28 17:42:38,113 - app.main - ERROR - Error in database analysis: 500: Error extracting metadata: 1 validation error for ForensicMetadata
application_id
  Input should be a valid string [type=string_type, input_value=0, input_type=int]
    For further information visit https://errors.pydantic.dev/2.11/v/string_type
2025-04-28 17:42:38,113 - app.main - ERROR - Error creating backup: 500: Error in database analysis: 500: Error extracting metadata: 1 validation error for ForensicMetadata
application_id
  Input should be a valid string [type=string_type, input_value=0, input_type=int]
    For further information visit https://errors.pydantic.dev/2.11/v/string_type
2025-04-28 17:55:19,435 - app.main - ERROR - Error extracting metadata: 1 validation error for ForensicMetadata
application_id
  Input should be a valid string [type=string_type, input_value=0, input_type=int]
    For further information visit https://errors.pydantic.dev/2.11/v/string_type
2025-04-28 17:55:19,436 - app.main - ERROR - Error in database analysis: 500: Error extracting metadata: 1 validation error for ForensicMetadata
application_id
  Input should be a valid string [type=string_type, input_value=0, input_type=int]
    For further information visit https://errors.pydantic.dev/2.11/v/string_type
2025-04-28 17:55:19,437 - app.main - ERROR - Error creating backup: 500: Error in database analysis: 500: Error extracting metadata: 1 validation error for ForensicMetadata
application_id
  Input should be a valid string [type=string_type, input_value=0, input_type=int]
    For further information visit https://errors.pydantic.dev/2.11/v/string_type
2025-04-28 18:28:11,999 - app.main - ERROR - Error extracting metadata: 1 validation error for ForensicMetadata
application_id
  Input should be a valid string [type=string_type, input_value=0, input_type=int]
    For further information visit https://errors.pydantic.dev/2.11/v/string_type
2025-04-28 18:28:12,001 - app.main - ERROR - Error in database analysis: 500: Error extracting metadata: 1 validation error for ForensicMetadata
application_id
  Input should be a valid string [type=string_type, input_value=0, input_type=int]
    For further information visit https://errors.pydantic.dev/2.11/v/string_type
2025-04-28 18:28:12,001 - app.main - ERROR - Error creating backup: 500: Error in database analysis: 500: Error extracting metadata: 1 validation error for ForensicMetadata
application_id
  Input should be a valid string [type=string_type, input_value=0, input_type=int]
    For further information visit https://errors.pydantic.dev/2.11/v/string_type
2025-04-28 18:50:18,011 - app.main - ERROR - Error extracting metadata: 1 validation error for ForensicMetadata
application_id
  Input should be a valid string [type=string_type, input_value=0, input_type=int]
    For further information visit https://errors.pydantic.dev/2.11/v/string_type
2025-04-28 18:50:18,037 - app.main - ERROR - Error in database analysis: 500: Error extracting metadata: 1 validation error for ForensicMetadata
application_id
  Input should be a valid string [type=string_type, input_value=0, input_type=int]
    For further information visit https://errors.pydantic.dev/2.11/v/string_type
2025-04-28 18:50:18,037 - app.main - ERROR - Error creating backup: 500: Error in database analysis: 500: Error extracting metadata: 1 validation error for ForensicMetadata
application_id
  Input should be a valid string [type=string_type, input_value=0, input_type=int]
    For further information visit https://errors.pydantic.dev/2.11/v/string_type
2025-04-28 18:50:24,842 - app.main - ERROR - Error extracting metadata: 1 validation error for ForensicMetadata
application_id
  Input should be a valid string [type=string_type, input_value=0, input_type=int]
    For further information visit https://errors.pydantic.dev/2.11/v/string_type
2025-04-28 18:50:24,843 - app.main - ERROR - Error in database analysis: 500: Error extracting metadata: 1 validation error for ForensicMetadata
application_id
  Input should be a valid string [type=string_type, input_value=0, input_type=int]
    For further information visit https://errors.pydantic.dev/2.11/v/string_type
2025-04-28 18:50:24,844 - app.main - ERROR - Error creating backup: 500: Error in database analysis: 500: Error extracting metadata: 1 validation error for ForensicMetadata
application_id
  Input should be a valid string [type=string_type, input_value=0, input_type=int]
    For further information visit https://errors.pydantic.dev/2.11/v/string_type
2025-04-28 18:50:25,961 - app.main - ERROR - Error extracting metadata: 1 validation error for ForensicMetadata
application_id
  Input should be a valid string [type=string_type, input_value=0, input_type=int]
    For further information visit https://errors.pydantic.dev/2.11/v/string_type
2025-04-28 18:50:25,962 - app.main - ERROR - Error in database analysis: 500: Error extracting metadata: 1 validation error for ForensicMetadata
application_id
  Input should be a valid string [type=string_type, input_value=0, input_type=int]
    For further information visit https://errors.pydantic.dev/2.11/v/string_type
2025-04-28 18:50:25,962 - app.main - ERROR - Error creating backup: 500: Error in database analysis: 500: Error extracting metadata: 1 validation error for ForensicMetadata
application_id
  Input should be a valid string [type=string_type, input_value=0, input_type=int]
    For further information visit https://errors.pydantic.dev/2.11/v/string_type
2025-04-28 18:54:52,106 - app.main - ERROR - Error extracting metadata: 1 validation error for ForensicMetadata
application_id
  Input should be a valid string [type=string_type, input_value=0, input_type=int]
    For further information visit https://errors.pydantic.dev/2.11/v/string_type
2025-04-28 18:54:52,107 - app.main - ERROR - Error in database analysis: 500: Error extracting metadata: 1 validation error for ForensicMetadata
application_id
  Input should be a valid string [type=string_type, input_value=0, input_type=int]
    For further information visit https://errors.pydantic.dev/2.11/v/string_type
2025-04-28 18:54:52,108 - app.main - ERROR - Error creating backup: 500: Error in database analysis: 500: Error extracting metadata: 1 validation error for ForensicMetadata
application_id
  Input should be a valid string [type=string_type, input_value=0, input_type=int]
    For further information visit https://errors.pydantic.dev/2.11/v/string_type
2025-04-28 19:51:51,731 - app.main - ERROR - Error extracting metadata: 1 validation error for ForensicMetadata
application_id
  Input should be a valid string [type=string_type, input_value=0, input_type=int]
    For further information visit https://errors.pydantic.dev/2.11/v/string_type
2025-04-28 19:51:51,734 - app.main - ERROR - Error in database analysis: 500: Error extracting metadata: 1 validation error for ForensicMetadata
application_id
  Input should be a valid string [type=string_type, input_value=0, input_type=int]
    For further information visit https://errors.pydantic.dev/2.11/v/string_type
2025-04-28 19:51:51,735 - app.main - ERROR - Error creating backup: 500: Error in database analysis: 500: Error extracting metadata: 1 validation error for ForensicMetadata
application_id
  Input should be a valid string [type=string_type, input_value=0, input_type=int]
    For further information visit https://errors.pydantic.dev/2.11/v/string_type
2025-04-29 02:07:22,285 - app.main - ERROR - Error extracting metadata: 1 validation error for ForensicMetadata
application_id
  Input should be a valid string [type=string_type, input_value=0, input_type=int]
    For further information visit https://errors.pydantic.dev/2.1/v/string_type
2025-04-29 02:07:22,285 - app.main - ERROR - Error in database analysis: 
2025-04-29 02:07:22,285 - app.main - ERROR - Error creating backup: 
2025-04-29 02:08:34,191 - app.main - ERROR - Error extracting metadata: 1 validation error for ForensicMetadata
application_id
  Input should be a valid string [type=string_type, input_value=0, input_type=int]
    For further information visit https://errors.pydantic.dev/2.1/v/string_type
2025-04-29 02:08:34,191 - app.main - ERROR - Error in database analysis: 
2025-04-29 02:08:34,193 - app.main - ERROR - Error creating backup: 
2025-04-29 02:09:09,156 - app.main - ERROR - Error extracting metadata: 1 validation error for ForensicMetadata
application_id
  Input should be a valid string [type=string_type, input_value=0, input_type=int]
    For further information visit https://errors.pydantic.dev/2.1/v/string_type
2025-04-29 02:09:09,156 - app.main - ERROR - Error in database analysis: 
2025-04-29 02:09:09,156 - app.main - ERROR - Error creating backup: 
